app/build/outputs/logs/manifest-merger-debug-report.txt
-- Merging decision tree log ---
manifest
ADDED from src/main/AndroidManifest.xml:2:1-169:12
	package
		ADDED from src/main/AndroidManifest.xml:3:5-40
		INJECTED from src/main/AndroidManifest.xml
		INJECTED from src/main/AndroidManifest.xml
	android:versionName
		ADDED from src/main/AndroidManifest.xml:5:5-36
		INJECTED from src/main/AndroidManifest.xml
		INJECTED from src/main/AndroidManifest.xml
	android:versionCode
		ADDED from src/main/AndroidManifest.xml:4:5-28
		INJECTED from src/main/AndroidManifest.xml
		INJECTED from src/main/AndroidManifest.xml
	xmlns:android
		ADDED from src/main/AndroidManifest.xml:2:11-69
uses-sdk
ADDED from src/main/AndroidManifest.xml:7:5-9:41
MERGED from [com.android.support:appcompat-v7:25.3.1] AndroidManifest.xml:21:5-23:78
MERGED from [com.android.support:support-v4:25.3.1] AndroidManifest.xml:21:5-23:54
MERGED from [com.android.support:support-fragment:25.3.1] AndroidManifest.xml:21:5-23:60
MERGED from [com.android.support:support-media-compat:25.3.1] AndroidManifest.xml:21:5-23:63
MERGED from [com.android.support:support-core-ui:25.3.1] AndroidManifest.xml:21:5-23:58
MERGED from [com.android.support:support-core-utils:25.3.1] AndroidManifest.xml:21:5-23:61
MERGED from [com.android.support:animated-vector-drawable:25.3.1] AndroidManifest.xml:20:5-44
MERGED from [com.android.support:support-vector-drawable:25.3.1] AndroidManifest.xml:20:5-43
MERGED from [com.android.support:support-compat:25.3.1] AndroidManifest.xml:21:5-23:58
	tools:overrideLibrary
		ADDED from [com.android.support:appcompat-v7:25.3.1] AndroidManifest.xml:23:9-75
	android:targetSdkVersion
		ADDED from src/main/AndroidManifest.xml:9:9-38
		INJECTED from src/main/AndroidManifest.xml
		INJECTED from src/main/AndroidManifest.xml
	android:minSdkVersion
		ADDED from src/main/AndroidManifest.xml:8:9-35
		INJECTED from src/main/AndroidManifest.xml
		INJECTED from src/main/AndroidManifest.xml
uses-permission#android.permission.READ_EXTERNAL_STORAGE
ADDED from src/main/AndroidManifest.xml:11:5-80
	android:name
		ADDED from src/main/AndroidManifest.xml:11:22-77
uses-permission#android.permission.MOUNT_UNMOUNT_FILESYSTEMS
ADDED from src/main/AndroidManifest.xml:12:5-84
	android:name
		ADDED from src/main/AndroidManifest.xml:12:22-81
uses-permission#android.permission.SYSTEM_ALERT_WINDOW
ADDED from src/main/AndroidManifest.xml:13:5-78
	android:name
		ADDED from src/main/AndroidManifest.xml:13:22-75
uses-permission#android.permission.WRITE_EXTERNAL_STORAGE
ADDED from src/main/AndroidManifest.xml:14:5-81
	android:name
		ADDED from src/main/AndroidManifest.xml:14:22-78
uses-permission#android.permission.CAMERA
ADDED from src/main/AndroidManifest.xml:15:5-65
	android:name
		ADDED from src/main/AndroidManifest.xml:15:22-62
uses-permission#android.permission.RESTART_PACKAGES
ADDED from src/main/AndroidManifest.xml:17:5-75
	android:name
		ADDED from src/main/AndroidManifest.xml:17:22-72
uses-permission#android.permission.VIBRATE
ADDED from src/main/AndroidManifest.xml:19:2-63
	android:name
		ADDED from src/main/AndroidManifest.xml:19:19-60
uses-permission#android.permission.ACCESS_NETWORK_STATE
ADDED from src/main/AndroidManifest.xml:20:2-75
	android:name
		ADDED from src/main/AndroidManifest.xml:20:19-73
uses-permission#android.permission.RECEIVE_BOOT_COMPLETED
ADDED from src/main/AndroidManifest.xml:21:2-77
	android:name
		ADDED from src/main/AndroidManifest.xml:21:19-75
uses-feature#android.hardware.camera
ADDED from src/main/AndroidManifest.xml:23:5-60
	android:name
		ADDED from src/main/AndroidManifest.xml:23:19-57
uses-permission#android.permission.INTERNET
ADDED from src/main/AndroidManifest.xml:26:5-67
	android:name
		ADDED from src/main/AndroidManifest.xml:26:22-64
uses-permission#android.permission.READ_PHONE_STATE
ADDED from src/main/AndroidManifest.xml:28:2-72
	android:name
		ADDED from src/main/AndroidManifest.xml:28:19-69
uses-permission#android.permission.ACCESS_COARSE_LOCATION
ADDED from src/main/AndroidManifest.xml:29:5-81
	android:name
		ADDED from src/main/AndroidManifest.xml:29:22-78
uses-permission#android.permission.ACCESS_WIFI_STATE
ADDED from src/main/AndroidManifest.xml:31:5-76
	android:name
		ADDED from src/main/AndroidManifest.xml:31:22-73
uses-feature#android.hardware.camera.autofocus
ADDED from src/main/AndroidManifest.xml:32:5-70
	android:name
		ADDED from src/main/AndroidManifest.xml:32:19-67
uses-permission#android.permission.FLASHLIGHT
ADDED from src/main/AndroidManifest.xml:33:5-69
	android:name
		ADDED from src/main/AndroidManifest.xml:33:22-66
uses-permission#android.permission.WAKE_LOCK
ADDED from src/main/AndroidManifest.xml:34:5-68
	android:name
		ADDED from src/main/AndroidManifest.xml:34:22-65
uses-permission#android.permission.RECORD_AUDIO
ADDED from src/main/AndroidManifest.xml:35:5-71
	android:name
		ADDED from src/main/AndroidManifest.xml:35:22-68
uses-permission#android.permission.CHANGE_CONFIGURATION
ADDED from src/main/AndroidManifest.xml:36:5-79
	android:name
		ADDED from src/main/AndroidManifest.xml:36:22-76
application
ADDED from src/main/AndroidManifest.xml:38:5-167:19
MERGED from [com.android.support:appcompat-v7:25.3.1] AndroidManifest.xml:29:5-20
MERGED from [com.android.support:support-v4:25.3.1] AndroidManifest.xml:29:5-20
MERGED from [com.android.support:support-fragment:25.3.1] AndroidManifest.xml:29:5-20
MERGED from [com.android.support:support-media-compat:25.3.1] AndroidManifest.xml:29:5-20
MERGED from [com.android.support:support-core-ui:25.3.1] AndroidManifest.xml:29:5-20
MERGED from [com.android.support:support-core-utils:25.3.1] AndroidManifest.xml:29:5-20
MERGED from [com.android.support:animated-vector-drawable:25.3.1] AndroidManifest.xml:26:5-20
MERGED from [com.android.support:support-vector-drawable:25.3.1] AndroidManifest.xml:26:5-20
MERGED from [com.android.support:support-compat:25.3.1] AndroidManifest.xml:29:5-20
	android:label
		ADDED from src/main/AndroidManifest.xml:42:9-41
	android:allowBackup
		ADDED from src/main/AndroidManifest.xml:40:9-35
	android:icon
		ADDED from src/main/AndroidManifest.xml:41:9-45
	android:theme
		ADDED from src/main/AndroidManifest.xml:43:9-40
	android:name
		ADDED from src/main/AndroidManifest.xml:39:9-52
activity#com.smartdevice.testd3505.ProjectSelectActivity
ADDED from src/main/AndroidManifest.xml:53:9-61:20
	android:label
		ADDED from src/main/AndroidManifest.xml:55:13-45
	android:name
		ADDED from src/main/AndroidManifest.xml:54:13-75
intent-filter#android.intent.action.MAIN+android.intent.category.LAUNCHER
ADDED from src/main/AndroidManifest.xml:56:13-60:29
action#android.intent.action.MAIN
ADDED from src/main/AndroidManifest.xml:57:17-69
	android:name
		ADDED from src/main/AndroidManifest.xml:57:25-66
category#android.intent.category.LAUNCHER
ADDED from src/main/AndroidManifest.xml:59:17-77
	android:name
		ADDED from src/main/AndroidManifest.xml:59:27-74
activity#com.smartdevice.testd3505.PrinterActivity
ADDED from src/main/AndroidManifest.xml:63:9-64:20
	android:name
		ADDED from src/main/AndroidManifest.xml:63:19-75
activity#com.smartdevice.testd3505.ScannerActivity
ADDED from src/main/AndroidManifest.xml:65:9-66:20
	android:name
		ADDED from src/main/AndroidManifest.xml:65:19-75
activity#com.smartdevice.testd3505.IDCardActivity
ADDED from src/main/AndroidManifest.xml:67:9-68:20
	android:name
		ADDED from src/main/AndroidManifest.xml:67:19-74
activity#com.smartdevice.testd3505.PSAMActivity
ADDED from src/main/AndroidManifest.xml:69:9-70:20
	android:name
		ADDED from src/main/AndroidManifest.xml:69:19-72
activity#com.smartdevice.testd3505.CameraScannerActivity
ADDED from src/main/AndroidManifest.xml:71:9-72:20
	android:name
		ADDED from src/main/AndroidManifest.xml:71:19-81
activity#com.smartdevice.testd3505.FingerActivity
ADDED from src/main/AndroidManifest.xml:73:9-74:20
	android:name
		ADDED from src/main/AndroidManifest.xml:73:19-74
activity#com.smartdevice.testd3505.MagneticCardActivity
ADDED from src/main/AndroidManifest.xml:75:9-76:20
	android:name
		ADDED from src/main/AndroidManifest.xml:75:19-80
activity#com.smartdevice.testd3505.SerialPortActivity
ADDED from src/main/AndroidManifest.xml:77:9-78:20
	android:name
		ADDED from src/main/AndroidManifest.xml:77:19-78
activity#com.smartdevice.testd3505.SerialPortSettingActivity
ADDED from src/main/AndroidManifest.xml:79:9-80:20
	android:name
		ADDED from src/main/AndroidManifest.xml:79:19-85
activity#com.smartdevice.testd3505.DeviceInfoActivity
ADDED from src/main/AndroidManifest.xml:81:9-82:20
	android:name
		ADDED from src/main/AndroidManifest.xml:81:19-78
activity#com.smartdevice.testd3505.ZBarScannerActivity
ADDED from src/main/AndroidManifest.xml:83:9-85:51
	android:screenOrientation
		ADDED from src/main/AndroidManifest.xml:85:13-49
	android:name
		ADDED from src/main/AndroidManifest.xml:84:13-73
activity#com.smartdevice.testd3505.KeyPressActivity
ADDED from src/main/AndroidManifest.xml:87:9-88:20
	android:name
		ADDED from src/main/AndroidManifest.xml:87:19-76
activity#com.smartdevice.testd3505.CustomerScreenActivity
ADDED from src/main/AndroidManifest.xml:90:9-85
	android:name
		ADDED from src/main/AndroidManifest.xml:90:19-82
activity#com.smartdevice.testd3505.FullScannerActivity
ADDED from src/main/AndroidManifest.xml:91:9-81
	android:name
		ADDED from src/main/AndroidManifest.xml:91:19-79
activity#com.smartdevice.testd3505.PrinterTicketActivity
ADDED from src/main/AndroidManifest.xml:92:9-83
	android:name
		ADDED from src/main/AndroidManifest.xml:92:19-81
service#com.wintone.plateid.AuthService
ADDED from src/main/AndroidManifest.xml:95:9-101:19
	android:enabled
		ADDED from src/main/AndroidManifest.xml:97:13-35
	android:name
		ADDED from src/main/AndroidManifest.xml:96:13-59
intent-filter#wintone.plateid.authservice
ADDED from src/main/AndroidManifest.xml:98:13-100:29
action#wintone.plateid.authservice
ADDED from src/main/AndroidManifest.xml:99:17-70
	android:name
		ADDED from src/main/AndroidManifest.xml:99:25-67
service#com.wintone.plateid.RecogService
ADDED from src/main/AndroidManifest.xml:102:9-108:19
	android:enabled
		ADDED from src/main/AndroidManifest.xml:104:13-35
	android:name
		ADDED from src/main/AndroidManifest.xml:103:13-60
intent-filter#wintone.plateid.recogService
ADDED from src/main/AndroidManifest.xml:105:13-107:29
action#wintone.plateid.recogService
ADDED from src/main/AndroidManifest.xml:106:17-71
	android:name
		ADDED from src/main/AndroidManifest.xml:106:25-68
activity#com.smartdevice.testd.plate.MainPlateActivity
ADDED from src/main/AndroidManifest.xml:109:9-81
	android:name
		ADDED from src/main/AndroidManifest.xml:109:19-79
activity#com.smartdevice.testd.plate.MemoryCameraActivity
ADDED from src/main/AndroidManifest.xml:110:9-84
	android:name
		ADDED from src/main/AndroidManifest.xml:110:19-82
activity#com.smartdevice.testd.plate.MemoryResultActivity
ADDED from src/main/AndroidManifest.xml:111:9-84
	android:name
		ADDED from src/main/AndroidManifest.xml:111:19-82
activity#com.smartdevice.testd.plate.ResultActivity
ADDED from src/main/AndroidManifest.xml:112:9-78
	android:name
		ADDED from src/main/AndroidManifest.xml:112:19-76
service#wintone.idcard.android.AuthService
ADDED from src/main/AndroidManifest.xml:115:10-121:19
	android:enabled
		ADDED from src/main/AndroidManifest.xml:117:13-35
	android:name
		ADDED from src/main/AndroidManifest.xml:116:13-62
intent-filter#wintone.idcard.authService
ADDED from src/main/AndroidManifest.xml:118:13-120:29
action#wintone.idcard.authService
ADDED from src/main/AndroidManifest.xml:119:17-69
	android:name
		ADDED from src/main/AndroidManifest.xml:119:25-66
service#wintone.idcard.android.RecogService
ADDED from src/main/AndroidManifest.xml:122:9-128:19
	android:enabled
		ADDED from src/main/AndroidManifest.xml:124:13-35
	android:name
		ADDED from src/main/AndroidManifest.xml:123:13-63
intent-filter#wintone.idcard.recogService
ADDED from src/main/AndroidManifest.xml:125:13-127:29
action#wintone.idcard.recogService
ADDED from src/main/AndroidManifest.xml:126:17-70
	android:name
		ADDED from src/main/AndroidManifest.xml:126:25-67
service#wintone.idcard.android.TimeService
ADDED from src/main/AndroidManifest.xml:129:3-135:19
	android:enabled
		ADDED from src/main/AndroidManifest.xml:131:13-35
	android:name
		ADDED from src/main/AndroidManifest.xml:130:13-62
intent-filter#wintone.idcard.TimeService
ADDED from src/main/AndroidManifest.xml:132:13-134:29
action#wintone.idcard.TimeService
ADDED from src/main/AndroidManifest.xml:133:17-69
	android:name
		ADDED from src/main/AndroidManifest.xml:133:25-66
receiver#wintone.idcard.android.DataChangeReceiver
ADDED from src/main/AndroidManifest.xml:136:9-137:20
	android:name
		ADDED from src/main/AndroidManifest.xml:136:19-75
activity#com.smartdevice.testd.idcard.MainIdCardScan
ADDED from src/main/AndroidManifest.xml:138:9-79
	android:name
		ADDED from src/main/AndroidManifest.xml:138:19-77
activity#com.smartdevice.testd.idcard.CameraActivity
ADDED from src/main/AndroidManifest.xml:139:9-140:52
	android:screenOrientation
		ADDED from src/main/AndroidManifest.xml:140:13-50
	android:name
		ADDED from src/main/AndroidManifest.xml:139:19-77
activity#com.smartdevicesdk.idcardscan.FileManageActivity
ADDED from src/main/AndroidManifest.xml:141:9-84
	android:name
		ADDED from src/main/AndroidManifest.xml:141:19-82
activity#com.smartdevice.testd.idcard.ShowResultActivity
ADDED from src/main/AndroidManifest.xml:142:9-143:52
	android:screenOrientation
		ADDED from src/main/AndroidManifest.xml:143:13-50
	android:name
		ADDED from src/main/AndroidManifest.xml:142:19-81
activity#com.smartdevice.scannersetting.ActivityBarcodeSettingUE966
ADDED from src/main/AndroidManifest.xml:145:9-149:20
	android:screenOrientation
		ADDED from src/main/AndroidManifest.xml:148:13-47
	android:label
		ADDED from src/main/AndroidManifest.xml:147:13-45
	android:name
		ADDED from src/main/AndroidManifest.xml:146:13-86
activity#com.smartdevice.scannersetting.ActivityQrcodeSettingME51xx
ADDED from src/main/AndroidManifest.xml:150:9-154:20
	android:screenOrientation
		ADDED from src/main/AndroidManifest.xml:153:13-47
	android:label
		ADDED from src/main/AndroidManifest.xml:152:13-45
	android:name
		ADDED from src/main/AndroidManifest.xml:151:13-86
activity#com.smartdevice.scannersetting.ActivityBarCodeCMD
ADDED from src/main/AndroidManifest.xml:155:9-159:20
	android:screenOrientation
		ADDED from src/main/AndroidManifest.xml:158:13-47
	android:label
		ADDED from src/main/AndroidManifest.xml:157:13-45
	android:name
		ADDED from src/main/AndroidManifest.xml:156:13-77
activity#com.smartdevice.scannersetting.ActivityQrcodeSettingNLSEM3096
ADDED from src/main/AndroidManifest.xml:160:9-164:20
	android:screenOrientation
		ADDED from src/main/AndroidManifest.xml:163:13-47
	android:label
		ADDED from src/main/AndroidManifest.xml:162:13-45
	android:name
		ADDED from src/main/AndroidManifest.xml:161:13-89
meta-data#android.support.VERSION
ADDED from [com.android.support:appcompat-v7:25.3.1] AndroidManifest.xml:25:5-27:34
MERGED from [com.android.support:support-v4:25.3.1] AndroidManifest.xml:25:5-27:34
MERGED from [com.android.support:support-fragment:25.3.1] AndroidManifest.xml:25:5-27:34
MERGED from [com.android.support:support-media-compat:25.3.1] AndroidManifest.xml:25:5-27:34
MERGED from [com.android.support:support-core-ui:25.3.1] AndroidManifest.xml:25:5-27:34
MERGED from [com.android.support:support-core-utils:25.3.1] AndroidManifest.xml:25:5-27:34
MERGED from [com.android.support:animated-vector-drawable:25.3.1] AndroidManifest.xml:22:5-24:34
MERGED from [com.android.support:support-vector-drawable:25.3.1] AndroidManifest.xml:22:5-24:34
MERGED from [com.android.support:support-compat:25.3.1] AndroidManifest.xml:25:5-27:34
	android:value
		ADDED from [com.android.support:appcompat-v7:25.3.1] AndroidManifest.xml:27:9-31
	android:name
		ADDED from [com.android.support:appcompat-v7:25.3.1] AndroidManifest.xml:26:9-47